<?xml version="1.0" encoding="UTF-8" ?>
<testsuite tests="19" failures="0" name="ech.dao.java.order.OrderTest" time="0.031" errors="0" skipped="0">
  <properties>
[...]
</properties>
  <testcase classname="ech.dao.java.order.OrderTest" name="ech.dao.java.order.OrderTest.testSetIdArbitraryGood" time="0"/>
  <testcase classname="ech.dao.java.order.OrderTest" name="ech.dao.java.order.OrderTest.testSetOrderNumberPositive" time="0"/>
  <testcase classname="ech.dao.java.order.OrderTest" name="ech.dao.java.order.OrderTest.testSetOrderNumberZero" time="0"/>
  <testcase classname="ech.dao.java.order.OrderTest" name="ech.dao.java.order.OrderTest.testSetVendorIdNetative" time="0"/>
  <testcase classname="ech.dao.java.order.OrderTest" name="ech.dao.java.order.OrderTest.testSetIdArbitraryBad" time="0"/>
  <testcase classname="ech.dao.java.order.OrderTest" name="ech.dao.java.order.OrderTest.testSetOrderNumberNetative" time="0"/>
  <testcase classname="ech.dao.java.order.OrderTest" name="ech.dao.java.order.OrderTest.testSetOrderNumberArbitraryGood" time="0"/>
  <testcase classname="ech.dao.java.order.OrderTest" name="ech.dao.java.order.OrderTest.testSetOrderNumberArbitraryBad" time="0"/>
  <testcase classname="ech.dao.java.order.OrderTest" name="ech.dao.java.order.OrderTest.testGetId" time="0"/>
  <testcase classname="ech.dao.java.order.OrderTest" name="ech.dao.java.order.OrderTest.testSetOrderNumber" time="0"/>
  <testcase classname="ech.dao.java.order.OrderTest" name="ech.dao.java.order.OrderTest.testGetOrderDate" time="0.016"/>
  <testcase classname="ech.dao.java.order.OrderTest" name="ech.dao.java.order.OrderTest.testSetIdPositive" time="0"/>
  <testcase classname="ech.dao.java.order.OrderTest" name="ech.dao.java.order.OrderTest.testSetIdNegative" time="0"/>
  <testcase classname="ech.dao.java.order.OrderTest" name="ech.dao.java.order.OrderTest.testSetIdID" time="0"/>
  <testcase classname="ech.dao.java.order.OrderTest" name="ech.dao.java.order.OrderTest.testSetVendorId" time="0"/>
  <testcase classname="ech.dao.java.order.OrderTest" name="ech.dao.java.order.OrderTest.testSetIdZero" time="0"/>
  <testcase classname="ech.dao.java.order.OrderTest" name="ech.dao.java.order.OrderTest.testGetVendorId" time="0"/>
  <testcase classname="ech.dao.java.order.OrderTest" name="ech.dao.java.order.OrderTest.testCompareTo" time="0.015"/>
  <testcase classname="ech.dao.java.order.OrderTest" name="ech.dao.java.order.OrderTest.testGetOrderNumber" time="0"/>
</testsuite>